<?xml version="1.0" encoding="UTF-8"?>
<!-- Generated by org.testng.reporters.JUnitReportReporter -->
<testsuite name="com.first.testcase.LoginTest" tests="2" time="59.626" ignored="0" failures="0" timestamp="05 十一月 2017 08:24:56 GMT" skipped="0" hostname="Lenovo-PC" errors="0">
  <testcase name="loginTest01" time="25.658" classname="com.first.testcase.LoginTest"/>
  <testcase name="loginTest02" time="33.968" classname="com.first.testcase.LoginTest"/>
</testsuite> <!-- com.first.testcase.LoginTest -->
