<?xml version="1.0" encoding="UTF-8"?>
<!-- Generated by org.testng.reporters.JUnitReportReporter -->
<testsuite name="com.ChanDao.testcase.LoginTest" tests="2" time="67.148" ignored="0" failures="0" timestamp="23 十月 2017 01:46:42 GMT" skipped="0" hostname="Lenovo-PC" errors="0">
  <testcase name="loginTest02" time="29.007" classname="com.ChanDao.testcase.LoginTest"/>
  <testcase name="loginTest01" time="38.141" classname="com.ChanDao.testcase.LoginTest"/>
</testsuite> <!-- com.ChanDao.testcase.LoginTest -->
